[debug] [2024-10-30T15:09:03.373Z] ----------------------------------------------------------------------
[debug] [2024-10-30T15:09:03.383Z] Command:       C:\Program Files\nodejs\node.exe C:\Users\Administrator\AppData\Roaming\npm\node_modules\firebase-tools\lib\bin\firebase.js init
[debug] [2024-10-30T15:09:03.384Z] CLI Version:   13.23.0
[debug] [2024-10-30T15:09:03.384Z] Platform:      win32
[debug] [2024-10-30T15:09:03.384Z] Node Version:  v20.18.0
[debug] [2024-10-30T15:09:03.384Z] Time:          Wed Oct 30 2024 20:09:03 GMT+0500 (Pakistan Standard Time)
[debug] [2024-10-30T15:09:03.384Z] ----------------------------------------------------------------------
[debug] 
[debug] [2024-10-30T15:09:03.391Z] > command requires scopes: ["email","openid","https://www.googleapis.com/auth/cloudplatformprojects.readonly","https://www.googleapis.com/auth/firebase","https://www.googleapis.com/auth/cloud-platform"]
[debug] [2024-10-30T15:09:03.391Z] > authorizing via signed-in user (anisahmad4463@gmail.com)
[info] 
     ######## #### ########  ######## ########     ###     ######  ########
     ##        ##  ##     ## ##       ##     ##  ##   ##  ##       ##
     ######    ##  ########  ######   ########  #########  ######  ######
     ##        ##  ##    ##  ##       ##     ## ##     ##       ## ##
     ##       #### ##     ## ######## ########  ##     ##  ######  ########

You're about to initialize a Firebase project in this directory:

  E:\MERN\Red Star\todo-app

[info] 
=== Project Setup
[info] 
[info] First, let's associate this project directory with a Firebase project.
[info] You can create multiple project aliases by running firebase use --add, 
[info] but for now we'll just set up a default project.
[info] 
[debug] [2024-10-30T15:09:12.894Z] Checked if tokens are valid: true, expires at: 1730304033603
[debug] [2024-10-30T15:09:12.895Z] Checked if tokens are valid: true, expires at: 1730304033603
[debug] [2024-10-30T15:09:12.897Z] >>> [apiv2][query] GET https://firebase.googleapis.com/v1beta1/projects pageSize=100
[debug] [2024-10-30T15:09:13.744Z] <<< [apiv2][status] GET https://firebase.googleapis.com/v1beta1/projects 200
[debug] [2024-10-30T15:09:13.744Z] <<< [apiv2][body] GET https://firebase.googleapis.com/v1beta1/projects [omitted]
[info] i  Using project todo-app-7beeb (todo-app) 
[info] 
=== Dataconnect Setup
[debug] [2024-10-30T15:09:14.388Z] Checked if tokens are valid: true, expires at: 1730304033603
[debug] [2024-10-30T15:09:14.389Z] Checked if tokens are valid: true, expires at: 1730304033603
[debug] [2024-10-30T15:09:14.389Z] >>> [apiv2][query] GET https://cloudbilling.googleapis.com/v1/projects/todo-app-7beeb/billingInfo [none]
[debug] [2024-10-30T15:09:15.477Z] <<< [apiv2][status] GET https://cloudbilling.googleapis.com/v1/projects/todo-app-7beeb/billingInfo 200
[debug] [2024-10-30T15:09:15.477Z] <<< [apiv2][body] GET https://cloudbilling.googleapis.com/v1/projects/todo-app-7beeb/billingInfo {"name":"projects/todo-app-7beeb/billingInfo","projectId":"todo-app-7beeb","billingAccountName":"","billingEnabled":false}
[info] i  dataconnect: ensuring required API sqladmin.googleapis.com is enabled... 
[debug] [2024-10-30T15:09:15.477Z] Checked if tokens are valid: true, expires at: 1730304033603
[debug] [2024-10-30T15:09:15.478Z] Checked if tokens are valid: true, expires at: 1730304033603
[debug] [2024-10-30T15:09:15.478Z] >>> [apiv2][query] GET https://serviceusage.googleapis.com/v1/projects/todo-app-7beeb/services/sqladmin.googleapis.com [none]
[debug] [2024-10-30T15:09:15.478Z] >>> [apiv2][(partial)header] GET https://serviceusage.googleapis.com/v1/projects/todo-app-7beeb/services/sqladmin.googleapis.com x-goog-quota-user=projects/todo-app-7beeb
[debug] [2024-10-30T15:09:17.203Z] <<< [apiv2][status] GET https://serviceusage.googleapis.com/v1/projects/todo-app-7beeb/services/sqladmin.googleapis.com 200
[debug] [2024-10-30T15:09:17.203Z] <<< [apiv2][body] GET https://serviceusage.googleapis.com/v1/projects/todo-app-7beeb/services/sqladmin.googleapis.com [omitted]
[info] +  dataconnect: required API sqladmin.googleapis.com is enabled 
[info] i  dataconnect\dataconnect.yaml is unchanged 
[info] i  dataconnect\schema\schema.gql is unchanged 
[info] +  Wrote dataconnect\connector\connector.yaml 
[info] i  dataconnect\connector\queries.gql is unchanged 
[info] i  dataconnect\connector\mutations.gql is unchanged 
[info] +  Detected WEB app in directory E:\MERN\Red Star\todo-app 
[info] i  Wrote new config to E:\MERN\Red Star\todo-app\dataconnect\connector/connector.yaml 
[info] I1030 20:09:23.180266    9200 codegen.go:82] [connector "default" javascriptSdk] Generating sources into "E:\\MERN\\Red Star\\todo-app\\dataconnect-generated\\js\\default-connector"
I1030 20:09:23.181828    9200 generate.go:40] Generated all sources. Writing them to disk...
I1030 20:09:23.181828    9200 collector.go:107] connector "default" javascriptSdk wrote into "E:\\MERN\\Red Star\\todo-app\\dataconnect-generated\\js\\default-connector"
Generated sources: index.d.ts [264B] esm\index.esm.js [181B] esm\package.json [17B] index.cjs.js [222B] package.json [623B] 
I1030 20:09:23.190652    9200 installsdk.go:76] Running command: C:\Program Files\nodejs\npm.cmd install file:dataconnect-generated\js\default-connector

[info] i  Generated SDK code for default 
[info] +  If you'd like to add more generated SDKs to your app your later, run firebase init dataconnect:sdk again 
[info] i  If you'd like to provision a CloudSQL Postgres instance on the Firebase Data Connect no-cost trial:
1. Please upgrade to the pay-as-you-go (Blaze) billing plan. Visit the following page:
     https://console.firebase.google.com/project/todo-app-7beeb/usage/details
2. Run firebase init dataconnect again to configure the Cloud SQL instance.
3. Run firebase deploy --only dataconnect to deploy your Data Connect service. 
[info] 
=== Firestore Setup
[debug] [2024-10-30T15:09:28.832Z] Checked if tokens are valid: true, expires at: 1730304033603
[debug] [2024-10-30T15:09:28.833Z] Checked if tokens are valid: true, expires at: 1730304033603
[debug] [2024-10-30T15:09:28.833Z] >>> [apiv2][query] GET https://serviceusage.googleapis.com/v1/projects/todo-app-7beeb/services/firestore.googleapis.com [none]
[debug] [2024-10-30T15:09:28.833Z] >>> [apiv2][(partial)header] GET https://serviceusage.googleapis.com/v1/projects/todo-app-7beeb/services/firestore.googleapis.com x-goog-quota-user=projects/todo-app-7beeb
[debug] [2024-10-30T15:09:30.407Z] <<< [apiv2][status] GET https://serviceusage.googleapis.com/v1/projects/todo-app-7beeb/services/firestore.googleapis.com 200
[debug] [2024-10-30T15:09:30.408Z] <<< [apiv2][body] GET https://serviceusage.googleapis.com/v1/projects/todo-app-7beeb/services/firestore.googleapis.com [omitted]
[debug] [2024-10-30T15:09:30.408Z] Checked if tokens are valid: true, expires at: 1730304033603
[debug] [2024-10-30T15:09:30.408Z] Checked if tokens are valid: true, expires at: 1730304033603
[debug] [2024-10-30T15:09:30.408Z] >>> [apiv2][query] GET https://firestore.googleapis.com/v1/projects/todo-app-7beeb/databases/(default) [none]
[debug] [2024-10-30T15:09:32.173Z] <<< [apiv2][status] GET https://firestore.googleapis.com/v1/projects/todo-app-7beeb/databases/(default) 200
[debug] [2024-10-30T15:09:32.174Z] <<< [apiv2][body] GET https://firestore.googleapis.com/v1/projects/todo-app-7beeb/databases/(default) {"name":"projects/todo-app-7beeb/databases/(default)","uid":"78e46456-9f29-4151-b45c-62c279152d96","createTime":"2024-10-30T15:08:07.818937Z","updateTime":"2024-10-30T15:08:07.818937Z","locationId":"asia-south1","type":"FIRESTORE_NATIVE","concurrencyMode":"PESSIMISTIC","versionRetentionPeriod":"3600s","earliestVersionTime":"2024-10-30T15:08:07.818937Z","appEngineIntegrationMode":"DISABLED","keyPrefix":"j","pointInTimeRecoveryEnablement":"POINT_IN_TIME_RECOVERY_DISABLED","deleteProtectionState":"DELETE_PROTECTION_DISABLED","etag":"IKW9x7WxtokDMLnFl46xtokD"}
[debug] [2024-10-30T15:09:32.174Z] database_type: FIRESTORE_NATIVE
[debug] [2024-10-30T15:09:32.174Z] database_type: FIRESTORE_NATIVE
[debug] [2024-10-30T15:09:32.174Z] > command requires scopes: ["email","openid","https://www.googleapis.com/auth/cloudplatformprojects.readonly","https://www.googleapis.com/auth/firebase","https://www.googleapis.com/auth/cloud-platform"]
[debug] [2024-10-30T15:09:32.174Z] > authorizing via signed-in user (anisahmad4463@gmail.com)
[debug] [2024-10-30T15:09:32.174Z] [iam] checking project todo-app-7beeb for permissions ["firebase.projects.get"]
[debug] [2024-10-30T15:09:32.175Z] Checked if tokens are valid: true, expires at: 1730304033603
[debug] [2024-10-30T15:09:32.175Z] Checked if tokens are valid: true, expires at: 1730304033603
[debug] [2024-10-30T15:09:32.175Z] >>> [apiv2][query] POST https://cloudresourcemanager.googleapis.com/v1/projects/todo-app-7beeb:testIamPermissions [none]
[debug] [2024-10-30T15:09:32.175Z] >>> [apiv2][(partial)header] POST https://cloudresourcemanager.googleapis.com/v1/projects/todo-app-7beeb:testIamPermissions x-goog-quota-user=projects/todo-app-7beeb
[debug] [2024-10-30T15:09:32.175Z] >>> [apiv2][body] POST https://cloudresourcemanager.googleapis.com/v1/projects/todo-app-7beeb:testIamPermissions {"permissions":["firebase.projects.get"]}
[debug] [2024-10-30T15:09:33.554Z] <<< [apiv2][status] POST https://cloudresourcemanager.googleapis.com/v1/projects/todo-app-7beeb:testIamPermissions 200
[debug] [2024-10-30T15:09:33.554Z] <<< [apiv2][body] POST https://cloudresourcemanager.googleapis.com/v1/projects/todo-app-7beeb:testIamPermissions {"permissions":["firebase.projects.get"]}
[info] 
[info] Firestore Security Rules allow you to define how and when to allow
[info] requests. You can keep these rules in your project directory
[info] and publish them with firebase deploy.
[info] 
[debug] [2024-10-30T15:10:39.459Z] Checked if tokens are valid: true, expires at: 1730304033603
[debug] [2024-10-30T15:10:39.459Z] Checked if tokens are valid: true, expires at: 1730304033603
[debug] [2024-10-30T15:10:39.460Z] >>> [apiv2][query] GET https://firebaserules.googleapis.com/v1/projects/todo-app-7beeb/releases pageSize=10&pageToken=
[debug] [2024-10-30T15:10:40.576Z] <<< [apiv2][status] GET https://firebaserules.googleapis.com/v1/projects/todo-app-7beeb/releases 200
[debug] [2024-10-30T15:10:40.577Z] <<< [apiv2][body] GET https://firebaserules.googleapis.com/v1/projects/todo-app-7beeb/releases {"releases":[{"name":"projects/todo-app-7beeb/releases/cloud.firestore","rulesetName":"projects/todo-app-7beeb/rulesets/b34e32f1-932b-42ee-a5a9-2dc5a187585e","createTime":"2024-10-30T15:08:16.338993Z","updateTime":"2024-10-30T15:08:16.338993Z"}]}
[debug] [2024-10-30T15:10:40.577Z] Found ruleset: projects/todo-app-7beeb/rulesets/b34e32f1-932b-42ee-a5a9-2dc5a187585e
[debug] [2024-10-30T15:10:40.577Z] Checked if tokens are valid: true, expires at: 1730304033603
[debug] [2024-10-30T15:10:40.577Z] Checked if tokens are valid: true, expires at: 1730304033603
[debug] [2024-10-30T15:10:40.577Z] >>> [apiv2][query] GET https://firebaserules.googleapis.com/v1/projects/todo-app-7beeb/rulesets/b34e32f1-932b-42ee-a5a9-2dc5a187585e [none]
[debug] [2024-10-30T15:10:40.898Z] <<< [apiv2][status] GET https://firebaserules.googleapis.com/v1/projects/todo-app-7beeb/rulesets/b34e32f1-932b-42ee-a5a9-2dc5a187585e 200
[debug] [2024-10-30T15:10:40.898Z] <<< [apiv2][body] GET https://firebaserules.googleapis.com/v1/projects/todo-app-7beeb/rulesets/b34e32f1-932b-42ee-a5a9-2dc5a187585e [omitted]
[info] 
[info] Firestore indexes allow you to perform complex queries while
[info] maintaining performance that scales with the size of the result
[info] set. You can keep index definitions in your project directory
[info] and publish them with firebase deploy.
[info] 
[debug] [2024-10-30T15:11:07.780Z] Checked if tokens are valid: true, expires at: 1730304033603
[debug] [2024-10-30T15:11:07.780Z] Checked if tokens are valid: true, expires at: 1730304033603
[debug] [2024-10-30T15:11:07.780Z] Checked if tokens are valid: true, expires at: 1730304033603
[debug] [2024-10-30T15:11:07.781Z] Checked if tokens are valid: true, expires at: 1730304033603
[debug] [2024-10-30T15:11:07.781Z] >>> [apiv2][query] GET https://firestore.googleapis.com/v1/projects/todo-app-7beeb/databases/(default)/collectionGroups/-/indexes [none]
[debug] [2024-10-30T15:11:07.783Z] >>> [apiv2][query] GET https://firestore.googleapis.com/v1/projects/todo-app-7beeb/databases/(default)/collectionGroups/-/fields?filter=indexConfig.usesAncestorConfig=false OR ttlConfig:* [none]
[debug] [2024-10-30T15:11:09.516Z] <<< [apiv2][status] GET https://firestore.googleapis.com/v1/projects/todo-app-7beeb/databases/(default)/collectionGroups/-/indexes 200
[debug] [2024-10-30T15:11:09.516Z] <<< [apiv2][body] GET https://firestore.googleapis.com/v1/projects/todo-app-7beeb/databases/(default)/collectionGroups/-/indexes {}
[debug] [2024-10-30T15:11:09.604Z] <<< [apiv2][status] GET https://firestore.googleapis.com/v1/projects/todo-app-7beeb/databases/(default)/collectionGroups/-/fields?filter=indexConfig.usesAncestorConfig=false OR ttlConfig:* 200
[debug] [2024-10-30T15:11:09.604Z] <<< [apiv2][body] GET https://firestore.googleapis.com/v1/projects/todo-app-7beeb/databases/(default)/collectionGroups/-/fields?filter=indexConfig.usesAncestorConfig=false OR ttlConfig:* {"fields":[{"name":"projects/todo-app-7beeb/databases/(default)/collectionGroups/__default__/fields/*","indexConfig":{"indexes":[{"queryScope":"COLLECTION","fields":[{"fieldPath":"*","order":"ASCENDING"}],"state":"READY"},{"queryScope":"COLLECTION","fields":[{"fieldPath":"*","order":"DESCENDING"}],"state":"READY"},{"queryScope":"COLLECTION","fields":[{"fieldPath":"*","arrayConfig":"CONTAINS"}],"state":"READY"}]}}]}
[info] 
=== Genkit Setup
[debug] [2024-10-30T15:11:15.908Z] > command requires scopes: ["email","openid","https://www.googleapis.com/auth/cloudplatformprojects.readonly","https://www.googleapis.com/auth/firebase","https://www.googleapis.com/auth/cloud-platform"]
[debug] [2024-10-30T15:11:15.908Z] > authorizing via signed-in user (anisahmad4463@gmail.com)
[debug] [2024-10-30T15:11:15.908Z] [iam] checking project todo-app-7beeb for permissions ["firebase.projects.get"]
[debug] [2024-10-30T15:11:15.909Z] Checked if tokens are valid: true, expires at: 1730304033603
[debug] [2024-10-30T15:11:15.909Z] Checked if tokens are valid: true, expires at: 1730304033603
[debug] [2024-10-30T15:11:15.909Z] >>> [apiv2][query] POST https://cloudresourcemanager.googleapis.com/v1/projects/todo-app-7beeb:testIamPermissions [none]
[debug] [2024-10-30T15:11:15.910Z] >>> [apiv2][(partial)header] POST https://cloudresourcemanager.googleapis.com/v1/projects/todo-app-7beeb:testIamPermissions x-goog-quota-user=projects/todo-app-7beeb
[debug] [2024-10-30T15:11:15.910Z] >>> [apiv2][body] POST https://cloudresourcemanager.googleapis.com/v1/projects/todo-app-7beeb:testIamPermissions {"permissions":["firebase.projects.get"]}
[debug] [2024-10-30T15:11:17.299Z] <<< [apiv2][status] POST https://cloudresourcemanager.googleapis.com/v1/projects/todo-app-7beeb:testIamPermissions 200
[debug] [2024-10-30T15:11:17.299Z] <<< [apiv2][body] POST https://cloudresourcemanager.googleapis.com/v1/projects/todo-app-7beeb:testIamPermissions {"permissions":["firebase.projects.get"]}
[debug] [2024-10-30T15:11:17.299Z] Checked if tokens are valid: true, expires at: 1730304033603
[debug] [2024-10-30T15:11:17.299Z] Checked if tokens are valid: true, expires at: 1730304033603
[debug] [2024-10-30T15:11:17.299Z] Checked if tokens are valid: true, expires at: 1730304033603
[debug] [2024-10-30T15:11:17.299Z] Checked if tokens are valid: true, expires at: 1730304033603
[debug] [2024-10-30T15:11:17.300Z] >>> [apiv2][query] GET https://serviceusage.googleapis.com/v1/projects/todo-app-7beeb/services/cloudfunctions.googleapis.com [none]
[debug] [2024-10-30T15:11:17.300Z] >>> [apiv2][(partial)header] GET https://serviceusage.googleapis.com/v1/projects/todo-app-7beeb/services/cloudfunctions.googleapis.com x-goog-quota-user=projects/todo-app-7beeb
[debug] [2024-10-30T15:11:17.301Z] >>> [apiv2][query] GET https://serviceusage.googleapis.com/v1/projects/todo-app-7beeb/services/runtimeconfig.googleapis.com [none]
[debug] [2024-10-30T15:11:17.301Z] >>> [apiv2][(partial)header] GET https://serviceusage.googleapis.com/v1/projects/todo-app-7beeb/services/runtimeconfig.googleapis.com x-goog-quota-user=projects/todo-app-7beeb
[debug] [2024-10-30T15:11:18.934Z] <<< [apiv2][status] GET https://serviceusage.googleapis.com/v1/projects/todo-app-7beeb/services/runtimeconfig.googleapis.com 200
[debug] [2024-10-30T15:11:18.934Z] <<< [apiv2][body] GET https://serviceusage.googleapis.com/v1/projects/todo-app-7beeb/services/runtimeconfig.googleapis.com [omitted]
[debug] [2024-10-30T15:11:18.942Z] <<< [apiv2][status] GET https://serviceusage.googleapis.com/v1/projects/todo-app-7beeb/services/cloudfunctions.googleapis.com 200
[debug] [2024-10-30T15:11:18.942Z] <<< [apiv2][body] GET https://serviceusage.googleapis.com/v1/projects/todo-app-7beeb/services/cloudfunctions.googleapis.com [omitted]
[debug] [2024-10-30T15:11:18.942Z] Checked if tokens are valid: true, expires at: 1730304033603
[debug] [2024-10-30T15:11:18.942Z] Checked if tokens are valid: true, expires at: 1730304033603
[debug] [2024-10-30T15:11:18.942Z] >>> [apiv2][query] POST https://serviceusage.googleapis.com/v1/projects/todo-app-7beeb/services/cloudfunctions.googleapis.com:enable [none]
[debug] [2024-10-30T15:11:18.942Z] >>> [apiv2][(partial)header] POST https://serviceusage.googleapis.com/v1/projects/todo-app-7beeb/services/cloudfunctions.googleapis.com:enable x-goog-quota-user=projects/todo-app-7beeb
[debug] [2024-10-30T15:11:20.700Z] <<< [apiv2][status] POST https://serviceusage.googleapis.com/v1/projects/todo-app-7beeb/services/cloudfunctions.googleapis.com:enable 200
[debug] [2024-10-30T15:11:20.700Z] <<< [apiv2][body] POST https://serviceusage.googleapis.com/v1/projects/todo-app-7beeb/services/cloudfunctions.googleapis.com:enable [omitted]
[debug] [2024-10-30T15:11:30.714Z] Checked if tokens are valid: true, expires at: 1730304033603
[debug] [2024-10-30T15:11:30.715Z] Checked if tokens are valid: true, expires at: 1730304033603
[debug] [2024-10-30T15:11:30.715Z] >>> [apiv2][query] GET https://serviceusage.googleapis.com/v1/projects/todo-app-7beeb/services/cloudfunctions.googleapis.com [none]
[debug] [2024-10-30T15:11:30.715Z] >>> [apiv2][(partial)header] GET https://serviceusage.googleapis.com/v1/projects/todo-app-7beeb/services/cloudfunctions.googleapis.com x-goog-quota-user=projects/todo-app-7beeb
[debug] [2024-10-30T15:11:32.336Z] <<< [apiv2][status] GET https://serviceusage.googleapis.com/v1/projects/todo-app-7beeb/services/cloudfunctions.googleapis.com 200
[debug] [2024-10-30T15:11:32.337Z] <<< [apiv2][body] GET https://serviceusage.googleapis.com/v1/projects/todo-app-7beeb/services/cloudfunctions.googleapis.com [omitted]
[info] Let's create a new codebase for your functions.
[info] A directory corresponding to the codebase will be created in your project
[info] with sample code pre-configured.

[info] See https://firebase.google.com/docs/functions/organize-functions for
[info] more information on organizing your functions using codebases.

[info] Functions can be deployed with firebase deploy.

[info] +  Wrote functions/package.json 
[info] +  Wrote functions/tsconfig.json 
[info] +  Wrote functions/src/index.ts 
[info] +  Wrote functions/.gitignore 
[info] 
[info] Installing Genkit CLI
[info] Start the Genkit developer experience by running:
[info]     cd functions && npx genkit start
[info] 
=== Functions Setup
[debug] [2024-10-30T15:20:54.645Z] > command requires scopes: ["email","openid","https://www.googleapis.com/auth/cloudplatformprojects.readonly","https://www.googleapis.com/auth/firebase","https://www.googleapis.com/auth/cloud-platform"]
[debug] [2024-10-30T15:20:54.646Z] > authorizing via signed-in user (anisahmad4463@gmail.com)
[debug] [2024-10-30T15:20:54.646Z] [iam] checking project todo-app-7beeb for permissions ["firebase.projects.get"]
[debug] [2024-10-30T15:20:54.646Z] Checked if tokens are valid: true, expires at: 1730304033603
[debug] [2024-10-30T15:20:54.646Z] Checked if tokens are valid: true, expires at: 1730304033603
[debug] [2024-10-30T15:20:54.646Z] >>> [apiv2][query] POST https://cloudresourcemanager.googleapis.com/v1/projects/todo-app-7beeb:testIamPermissions [none]
[debug] [2024-10-30T15:20:54.646Z] >>> [apiv2][(partial)header] POST https://cloudresourcemanager.googleapis.com/v1/projects/todo-app-7beeb:testIamPermissions x-goog-quota-user=projects/todo-app-7beeb
[debug] [2024-10-30T15:20:54.646Z] >>> [apiv2][body] POST https://cloudresourcemanager.googleapis.com/v1/projects/todo-app-7beeb:testIamPermissions {"permissions":["firebase.projects.get"]}
[debug] [2024-10-30T15:20:56.033Z] <<< [apiv2][status] POST https://cloudresourcemanager.googleapis.com/v1/projects/todo-app-7beeb:testIamPermissions 200
[debug] [2024-10-30T15:20:56.033Z] <<< [apiv2][body] POST https://cloudresourcemanager.googleapis.com/v1/projects/todo-app-7beeb:testIamPermissions {"permissions":["firebase.projects.get"]}
[debug] [2024-10-30T15:20:56.033Z] Checked if tokens are valid: true, expires at: 1730304033603
[debug] [2024-10-30T15:20:56.033Z] Checked if tokens are valid: true, expires at: 1730304033603
[debug] [2024-10-30T15:20:56.033Z] Checked if tokens are valid: true, expires at: 1730304033603
[debug] [2024-10-30T15:20:56.033Z] Checked if tokens are valid: true, expires at: 1730304033603
[debug] [2024-10-30T15:20:56.033Z] >>> [apiv2][query] GET https://serviceusage.googleapis.com/v1/projects/todo-app-7beeb/services/cloudfunctions.googleapis.com [none]
[debug] [2024-10-30T15:20:56.033Z] >>> [apiv2][(partial)header] GET https://serviceusage.googleapis.com/v1/projects/todo-app-7beeb/services/cloudfunctions.googleapis.com x-goog-quota-user=projects/todo-app-7beeb
[debug] [2024-10-30T15:20:56.035Z] >>> [apiv2][query] GET https://serviceusage.googleapis.com/v1/projects/todo-app-7beeb/services/runtimeconfig.googleapis.com [none]
[debug] [2024-10-30T15:20:56.035Z] >>> [apiv2][(partial)header] GET https://serviceusage.googleapis.com/v1/projects/todo-app-7beeb/services/runtimeconfig.googleapis.com x-goog-quota-user=projects/todo-app-7beeb
[debug] [2024-10-30T15:20:57.696Z] <<< [apiv2][status] GET https://serviceusage.googleapis.com/v1/projects/todo-app-7beeb/services/runtimeconfig.googleapis.com 200
[debug] [2024-10-30T15:20:57.696Z] <<< [apiv2][body] GET https://serviceusage.googleapis.com/v1/projects/todo-app-7beeb/services/runtimeconfig.googleapis.com [omitted]
[debug] [2024-10-30T15:20:57.701Z] <<< [apiv2][status] GET https://serviceusage.googleapis.com/v1/projects/todo-app-7beeb/services/cloudfunctions.googleapis.com 200
[debug] [2024-10-30T15:20:57.701Z] <<< [apiv2][body] GET https://serviceusage.googleapis.com/v1/projects/todo-app-7beeb/services/cloudfunctions.googleapis.com [omitted]
[info] 
Detected existing codebase(s): default

[info] Let's create a new codebase for your functions.
[info] A directory corresponding to the codebase will be created in your project
[info] with sample code pre-configured.

[info] See https://firebase.google.com/docs/functions/organize-functions for
[info] more information on organizing your functions using codebases.

[info] Functions can be deployed with firebase deploy.

[info] +  Wrote todo-app/package.json 
[info] +  Wrote todo-app/.eslintrc.js 
[info] +  Wrote todo-app/tsconfig.json 
[info] +  Wrote todo-app/tsconfig.dev.json 
[info] +  Wrote todo-app/src/index.ts 
[info] +  Wrote todo-app/.gitignore 
[info] 
=== Hosting Setup
[debug] [2024-10-30T15:23:04.115Z] Checked if tokens are valid: true, expires at: 1730304033603
[debug] [2024-10-30T15:23:04.115Z] Checked if tokens are valid: true, expires at: 1730304033603
[debug] [2024-10-30T15:23:04.116Z] >>> [apiv2][query] GET https://firebase.googleapis.com/v1beta1/projects/todo-app-7beeb [none]
[debug] [2024-10-30T15:23:04.662Z] <<< [apiv2][status] GET https://firebase.googleapis.com/v1beta1/projects/todo-app-7beeb 200
[debug] [2024-10-30T15:23:04.662Z] <<< [apiv2][body] GET https://firebase.googleapis.com/v1beta1/projects/todo-app-7beeb {"projectId":"todo-app-7beeb","projectNumber":"114954319254","displayName":"todo-app","name":"projects/todo-app-7beeb","resources":{"hostingSite":"todo-app-7beeb"},"state":"ACTIVE","etag":"1_de9be472-3f63-4495-9877-c7737d975c7e"}
[info] 
[info] Your public directory is the folder (relative to your project directory) that
[info] will contain Hosting assets to be uploaded with firebase deploy. If you
[info] have a build process for your assets, use your build's output directory.
[info] 
[debug] [2024-10-30T15:23:23.536Z] >>> [apiv2][query] GET https://www.gstatic.com/firebasejs/releases.json [none]
[debug] [2024-10-30T15:23:23.767Z] <<< [apiv2][status] GET https://www.gstatic.com/firebasejs/releases.json 200
[debug] [2024-10-30T15:23:23.767Z] <<< [apiv2][body] GET https://www.gstatic.com/firebasejs/releases.json {"current":{"version":"11.0.1","browserURL":"https://www.gstatic.com/firebasejs/11.0.1/firebase.js","packageURL":"https://www.gstatic.com/firebasejs/11.0.1/firebase.tgz"},"live":{"version":"11.0","browserURL":"https://www.gstatic.com/firebasejs/live/11.0/firebase.js","packageURL":"https://www.gstatic.com/firebasejs/live/11.0/firebase.tgz"},"components":{"analytics":"https://www.gstatic.com/firebasejs/11.0.1/firebase-analytics.js","app":"https://www.gstatic.com/firebasejs/11.0.1/firebase-app.js","app-check":"https://www.gstatic.com/firebasejs/11.0.1/firebase-app-check.js","auth":"https://www.gstatic.com/firebasejs/11.0.1/firebase-auth.js","auth/cordova":"https://www.gstatic.com/firebasejs/11.0.1/firebase-auth/cordova.js","auth/web-extension":"https://www.gstatic.com/firebasejs/11.0.1/firebase-auth/web-extension.js","functions":"https://www.gstatic.com/firebasejs/11.0.1/firebase-functions.js","firestore":"https://www.gstatic.com/firebasejs/11.0.1/firebase-firestore.js","firestore/lite":"https://www.gstatic.com/firebasejs/11.0.1/firebase-firestore/lite.js","installations":"https://www.gstatic.com/firebasejs/11.0.1/firebase-installations.js","storage":"https://www.gstatic.com/firebasejs/11.0.1/firebase-storage.js","performance":"https://www.gstatic.com/firebasejs/11.0.1/firebase-performance.js","remote-config":"https://www.gstatic.com/firebasejs/11.0.1/firebase-remote-config.js","messaging":"https://www.gstatic.com/firebasejs/11.0.1/firebase-messaging.js","messaging/sw":"https://www.gstatic.com/firebasejs/11.0.1/firebase-messaging/sw.js","database":"https://www.gstatic.com/firebasejs/11.0.1/firebase-database.js","vertexai":"https://www.gstatic.com/firebasejs/11.0.1/firebase-vertexai.js","data-connect":"https://www.gstatic.com/firebasejs/11.0.1/firebase-data-connect.js","firestore.memory":"https://www.gstatic.com/firebasejs/11.0.1/firebase-firestore.memory.js"}}
[info] i  Skipping write of public/index.html 
[info] 
[info] i  Detected a .git folder at E:\MERN\Red Star\todo-app 
[info] i  Authorizing with GitHub to upload your service account to a GitHub repository's secrets store. 
[info] 
[info] Visit this URL on this device to log in:
[info] https://github.com/login/oauth/authorize?client_id=89cf50f02ac6aaed3484&state=979681108&redirect_uri=http%3A%2F%2Flocalhost%3A9005&scope=read%3Auser%20repo%20public_repo
[info] 
[info] Waiting for authentication...
